2022-11-08 12:12:52,220:INFO:PyCaret Supervised Module
2022-11-08 12:12:52,220:INFO:ML Usecase: regression
2022-11-08 12:12:52,220:INFO:version 2.2.3
2022-11-08 12:12:52,220:INFO:Initializing setup()
2022-11-08 12:12:52,220:INFO:setup(target=american_op, ml_usecase=regression, available_plots={'parameter': 'Hyperparameters', 'residuals': 'Residuals', 'error': 'Prediction Error', 'cooks': 'Cooks Distance', 'rfe': 'Feature Selection', 'learning': 'Learning Curve', 'manifold': 'Manifold Learning', 'vc': 'Validation Curve', 'feature': 'Feature Importance', 'feature_all': 'Feature Importance (All)', 'tree': 'Decision Tree'}, train_size=0.7, test_data=None, preprocess=True, imputation_type=simple, iterative_imputation_iters=5, categorical_features=None, categorical_imputation=constant, categorical_iterative_imputer=lightgbm, ordinal_features=None, high_cardinality_features=None, high_cardinality_method=frequency, numeric_features=None, numeric_imputation=mean, numeric_iterative_imputer=lightgbm, date_features=None, ignore_features=None, normalize=False, normalize_method=zscore, transformation=False, transformation_method=yeo-johnson, handle_unknown_categorical=True, unknown_categorical_method=least_frequent, pca=False, pca_method=linear, pca_components=None, ignore_low_variance=False, combine_rare_levels=False, rare_level_threshold=0.1, bin_numeric_features=None, remove_outliers=False, outliers_threshold=0.05, remove_multicollinearity=False, multicollinearity_threshold=0.9, remove_perfect_collinearity=True, create_clusters=False, cluster_iter=20, polynomial_features=False, polynomial_degree=2, trigonometry_features=False, polynomial_threshold=0.1, group_features=None, group_names=None, feature_selection=False, feature_selection_threshold=0.8, feature_selection_method=classic, feature_interaction=False, feature_ratio=False, interaction_threshold=0.01, fix_imbalance=False, fix_imbalance_method=None, transform_target=False, transform_target_method=box-cox, data_split_shuffle=True, data_split_stratify=False, fold_strategy=kfold, fold=10, fold_shuffle=False, fold_groups=None, n_jobs=-1, use_gpu=False, custom_pipeline=None, html=True, session_id=111, log_experiment=False, experiment_name=None, log_plots=False, log_profile=False, log_data=False, silent=False, verbose=True, profile=False, profile_kwargs=None, display=None)
2022-11-08 12:12:52,221:INFO:Checking environment
2022-11-08 12:12:52,221:INFO:python_version: 3.9.13
2022-11-08 12:12:52,221:INFO:python_build: ('main', 'Aug 25 2022 23:51:50')
2022-11-08 12:12:52,221:INFO:machine: AMD64
2022-11-08 12:12:52,221:INFO:platform: Windows-10-10.0.22621-SP0
2022-11-08 12:12:52,221:INFO:Memory: svmem(total=68617740288, available=57203965952, percent=16.6, used=11413774336, free=57203965952)
2022-11-08 12:12:52,221:INFO:Physical Core: 12
2022-11-08 12:12:52,221:INFO:Logical Core: 24
2022-11-08 12:12:52,221:INFO:Checking libraries
2022-11-08 12:12:52,221:INFO:pd==1.4.4
2022-11-08 12:12:52,221:INFO:numpy==1.21.5
2022-11-08 12:12:52,221:INFO:sklearn==1.0.2
2022-11-08 12:12:52,316:INFO:xgboost==1.6.1
2022-11-08 12:12:52,316:INFO:lightgbm==3.3.2
2022-11-08 12:12:52,487:INFO:catboost==1.0.4
2022-11-08 12:12:52,510:WARNING:mlflow not found
2022-11-08 12:12:52,511:INFO:Checking Exceptions
2022-11-08 12:12:52,511:INFO:Declaring global variables
2022-11-08 12:12:52,511:INFO:USI: 23e0
2022-11-08 12:12:52,511:INFO:pycaret_globals: {'gpu_param', 'html_param', 'fold_param', 'transform_target_param', 'fold_shuffle_param', 'fix_imbalance_method_param', 'target_param', 'transform_target_method_param', '_all_models', 'fold_groups_param', '_ml_usecase', '_internal_pipeline', 'fix_imbalance_param', '_all_metrics', 'experiment__', 'log_plots_param', 'imputation_regressor', '_available_plots', 'y_train', 'stratify_param', 'exp_name_log', 'y_test', 'data_before_preprocess', 'seed', 'pycaret_globals', 'prep_pipe', '_gpu_n_jobs_param', 'display_container', 'USI', 'fold_generator', 'n_jobs_param', 'master_model_container', 'create_model_container', 'iterative_imputation_iters_param', 'X_test', 'y', 'X_train', 'logging_param', 'X', 'imputation_classifier', '_all_models_internal'}
2022-11-08 12:12:52,511:INFO:Preparing display monitor
2022-11-08 12:12:52,511:INFO:Preparing display monitor
2022-11-08 12:12:52,518:INFO:Importing libraries
2022-11-08 12:12:52,518:INFO:Copying data for preprocessing
2022-11-08 12:12:52,522:INFO:Declaring preprocessing parameters
2022-11-08 12:12:52,525:INFO:Creating preprocessing pipeline
2022-11-08 12:12:52,558:INFO:Preprocessing pipeline created successfully
2022-11-08 12:12:52,558:ERROR:(Process Exit): setup has been interupted with user command 'quit'. setup must rerun.
2022-11-08 12:12:52,558:INFO:Creating global containers
2022-11-08 15:13:21,273:INFO:PyCaret Supervised Module
2022-11-08 15:13:21,274:INFO:ML Usecase: regression
2022-11-08 15:13:21,274:INFO:version 2.2.3
2022-11-08 15:13:21,274:INFO:Initializing setup()
2022-11-08 15:13:21,274:INFO:setup(target=american_op, ml_usecase=regression, available_plots={'parameter': 'Hyperparameters', 'residuals': 'Residuals', 'error': 'Prediction Error', 'cooks': 'Cooks Distance', 'rfe': 'Feature Selection', 'learning': 'Learning Curve', 'manifold': 'Manifold Learning', 'vc': 'Validation Curve', 'feature': 'Feature Importance', 'feature_all': 'Feature Importance (All)', 'tree': 'Decision Tree'}, train_size=0.7, test_data=None, preprocess=True, imputation_type=simple, iterative_imputation_iters=5, categorical_features=None, categorical_imputation=constant, categorical_iterative_imputer=lightgbm, ordinal_features=None, high_cardinality_features=None, high_cardinality_method=frequency, numeric_features=None, numeric_imputation=mean, numeric_iterative_imputer=lightgbm, date_features=None, ignore_features=None, normalize=False, normalize_method=zscore, transformation=False, transformation_method=yeo-johnson, handle_unknown_categorical=True, unknown_categorical_method=least_frequent, pca=False, pca_method=linear, pca_components=None, ignore_low_variance=False, combine_rare_levels=False, rare_level_threshold=0.1, bin_numeric_features=None, remove_outliers=False, outliers_threshold=0.05, remove_multicollinearity=False, multicollinearity_threshold=0.9, remove_perfect_collinearity=True, create_clusters=False, cluster_iter=20, polynomial_features=False, polynomial_degree=2, trigonometry_features=False, polynomial_threshold=0.1, group_features=None, group_names=None, feature_selection=False, feature_selection_threshold=0.8, feature_selection_method=classic, feature_interaction=False, feature_ratio=False, interaction_threshold=0.01, fix_imbalance=False, fix_imbalance_method=None, transform_target=False, transform_target_method=box-cox, data_split_shuffle=True, data_split_stratify=False, fold_strategy=kfold, fold=10, fold_shuffle=False, fold_groups=None, n_jobs=-1, use_gpu=False, custom_pipeline=None, html=True, session_id=111, log_experiment=False, experiment_name=None, log_plots=False, log_profile=False, log_data=False, silent=False, verbose=True, profile=False, profile_kwargs=None, display=None)
2022-11-08 15:13:21,274:INFO:Checking environment
2022-11-08 15:13:21,274:INFO:python_version: 3.9.13
2022-11-08 15:13:21,274:INFO:python_build: ('main', 'Aug 25 2022 23:51:50')
2022-11-08 15:13:21,274:INFO:machine: AMD64
2022-11-08 15:13:21,274:INFO:platform: Windows-10-10.0.22621-SP0
2022-11-08 15:13:21,274:INFO:Memory: svmem(total=68617740288, available=58896990208, percent=14.2, used=9720750080, free=58896990208)
2022-11-08 15:13:21,274:INFO:Physical Core: 12
2022-11-08 15:13:21,274:INFO:Logical Core: 24
2022-11-08 15:13:21,274:INFO:Checking libraries
2022-11-08 15:13:21,274:INFO:pd==1.4.4
2022-11-08 15:13:21,274:INFO:numpy==1.21.5
2022-11-08 15:13:21,274:INFO:sklearn==1.0.2
2022-11-08 15:13:21,378:INFO:xgboost==1.6.1
2022-11-08 15:13:21,378:INFO:lightgbm==3.3.2
2022-11-08 15:13:21,594:INFO:catboost==1.0.4
2022-11-08 15:13:21,628:WARNING:mlflow not found
2022-11-08 15:13:21,628:INFO:Checking Exceptions
2022-11-08 15:13:21,628:INFO:Declaring global variables
2022-11-08 15:13:21,628:INFO:USI: dd92
2022-11-08 15:13:21,628:INFO:pycaret_globals: {'X', 'fold_generator', 'transform_target_param', 'transform_target_method_param', 'master_model_container', 'USI', 'fix_imbalance_method_param', 'X_test', 'logging_param', 'fold_groups_param', 'prep_pipe', 'html_param', '_all_metrics', 'fold_shuffle_param', 'iterative_imputation_iters_param', 'target_param', 'imputation_classifier', 'log_plots_param', 'display_container', 'y_train', '_internal_pipeline', '_all_models', 'exp_name_log', 'stratify_param', 'X_train', 'experiment__', '_gpu_n_jobs_param', '_all_models_internal', 'gpu_param', 'data_before_preprocess', 'imputation_regressor', 'fix_imbalance_param', 'create_model_container', 'y', 'n_jobs_param', 'fold_param', 'pycaret_globals', 'y_test', '_ml_usecase', 'seed', '_available_plots'}
2022-11-08 15:13:21,628:INFO:Preparing display monitor
2022-11-08 15:13:21,629:INFO:Preparing display monitor
2022-11-08 15:13:21,635:INFO:Importing libraries
2022-11-08 15:13:21,635:INFO:Copying data for preprocessing
2022-11-08 15:13:21,639:INFO:Declaring preprocessing parameters
2022-11-08 15:13:21,642:INFO:Creating preprocessing pipeline
2022-11-08 15:13:21,677:INFO:Preprocessing pipeline created successfully
2022-11-08 15:13:21,677:ERROR:(Process Exit): setup has been interupted with user command 'quit'. setup must rerun.
2022-11-08 15:13:21,677:INFO:Creating global containers
2022-11-10 11:54:12,999:INFO:PyCaret Supervised Module
2022-11-10 11:54:13,008:INFO:ML Usecase: regression
2022-11-10 11:54:13,008:INFO:version 2.3.10
2022-11-10 11:54:13,008:INFO:Initializing setup()
2022-11-10 11:54:13,008:INFO:setup(target=american_op, ml_usecase=regression, available_plots={'parameter': 'Hyperparameters', 'residuals': 'Residuals', 'error': 'Prediction Error', 'cooks': 'Cooks Distance', 'rfe': 'Feature Selection', 'learning': 'Learning Curve', 'manifold': 'Manifold Learning', 'vc': 'Validation Curve', 'feature': 'Feature Importance', 'feature_all': 'Feature Importance (All)', 'tree': 'Decision Tree', 'residuals_interactive': 'Interactive Residuals'}, train_size=0.7, test_data=None, preprocess=True, imputation_type=simple, iterative_imputation_iters=5, categorical_features=None, categorical_imputation=constant, categorical_iterative_imputer=lightgbm, ordinal_features=None, high_cardinality_features=None, high_cardinality_method=frequency, numeric_features=None, numeric_imputation=mean, numeric_iterative_imputer=lightgbm, date_features=None, ignore_features=None, normalize=False, normalize_method=zscore, transformation=False, transformation_method=yeo-johnson, handle_unknown_categorical=True, unknown_categorical_method=least_frequent, pca=False, pca_method=linear, pca_components=None, ignore_low_variance=False, combine_rare_levels=False, rare_level_threshold=0.1, bin_numeric_features=None, remove_outliers=False, outliers_threshold=0.05, remove_multicollinearity=False, multicollinearity_threshold=0.9, remove_perfect_collinearity=True, create_clusters=False, cluster_iter=20, polynomial_features=False, polynomial_degree=2, trigonometry_features=False, polynomial_threshold=0.1, group_features=None, group_names=None, feature_selection=False, feature_selection_threshold=0.8, feature_selection_method=classic, feature_interaction=False, feature_ratio=False, interaction_threshold=0.01, fix_imbalance=False, fix_imbalance_method=None, transform_target=False, transform_target_method=box-cox, data_split_shuffle=True, data_split_stratify=False, fold_strategy=kfold, fold=10, fold_shuffle=False, fold_groups=None, n_jobs=-1, use_gpu=False, custom_pipeline=None, html=True, session_id=111, log_experiment=False, experiment_name=None, experiment_custom_tags=None, log_plots=False, log_profile=False, log_data=False, silent=False, verbose=True, profile=False, profile_kwargs=None, display=None)
2022-11-10 11:54:13,008:INFO:Checking environment
2022-11-10 11:54:13,008:INFO:python_version: 3.8.13
2022-11-10 11:54:13,008:INFO:python_build: ('default', 'Oct 19 2022 22:38:03')
2022-11-10 11:54:13,008:INFO:machine: AMD64
2022-11-10 11:54:13,008:INFO:platform: Windows-10-10.0.22621-SP0
2022-11-10 11:54:13,012:INFO:Memory: svmem(total=68617740288, available=53747183616, percent=21.7, used=14870556672, free=53747183616)
2022-11-10 11:54:13,012:INFO:Physical Core: 12
2022-11-10 11:54:13,012:INFO:Logical Core: 24
2022-11-10 11:54:13,012:INFO:Checking libraries
2022-11-10 11:54:13,012:INFO:pd==1.5.1
2022-11-10 11:54:13,012:INFO:numpy==1.20.3
2022-11-10 11:54:13,012:INFO:sklearn==0.23.2
2022-11-10 11:54:13,012:INFO:lightgbm==3.3.3
2022-11-10 11:54:13,376:INFO:catboost==1.1.1
2022-11-10 11:54:13,376:INFO:xgboost==1.7.1
2022-11-10 11:54:13,376:INFO:mlflow==1.30.0
2022-11-10 11:54:13,376:INFO:Checking Exceptions
2022-11-10 11:54:13,376:INFO:Declaring global variables
2022-11-10 11:54:13,376:INFO:USI: 9146
2022-11-10 11:54:13,376:INFO:pycaret_globals: {'y_train', 'X', 'n_jobs_param', 'fix_imbalance_method_param', 'seed', 'y', 'gpu_param', 'create_model_container', 'fix_imbalance_param', '_available_plots', 'fold_groups_param', 'master_model_container', 'transform_target_param', 'pycaret_globals', 'fold_groups_param_full', 'imputation_classifier', 'experiment__', 'html_param', 'dashboard_logger', '_ml_usecase', 'fold_shuffle_param', 'fold_generator', 'data_before_preprocess', 'X_train', 'stratify_param', 'exp_name_log', 'log_plots_param', 'prep_pipe', 'iterative_imputation_iters_param', 'y_test', 'USI', '_all_models_internal', '_all_models', 'target_param', 'imputation_regressor', '_internal_pipeline', 'transform_target_method_param', 'fold_param', '_gpu_n_jobs_param', 'logging_param', 'X_test', '_all_metrics', 'display_container'}
2022-11-10 11:54:13,376:INFO:Preparing display monitor
2022-11-10 11:54:13,376:INFO:Preparing display monitor
2022-11-10 11:54:13,384:INFO:Importing libraries
2022-11-10 11:54:13,384:INFO:Copying data for preprocessing
2022-11-10 11:54:13,388:INFO:Declaring preprocessing parameters
2022-11-10 11:54:13,390:INFO:Creating preprocessing pipeline
2022-11-10 11:54:13,437:INFO:Preprocessing pipeline created successfully
2022-11-10 11:54:13,438:ERROR:(Process Exit): setup has been interupted with user command 'quit'. setup must rerun.
2022-11-10 11:54:13,438:INFO:Creating global containers
2022-11-10 11:54:13,439:INFO:Internal pipeline: Pipeline(memory=None, steps=[('empty_step', 'passthrough')], verbose=False)
2022-11-10 11:54:33,290:INFO:Creating grid variables
2022-11-10 11:54:33,297:INFO:create_model_container: 0
2022-11-10 11:54:33,297:INFO:master_model_container: 0
2022-11-10 11:54:33,298:INFO:display_container: 1
2022-11-10 11:54:33,301:INFO:Pipeline(memory=None,
         steps=[('dtypes',
                 DataTypes_Auto_infer(categorical_features=[],
                                      display_types=True, features_todrop=[],
                                      id_columns=[], ml_usecase='regression',
                                      numerical_features=[],
                                      target='american_op', time_features=[])),
                ('imputer',
                 Simple_Imputer(categorical_strategy='not_available',
                                fill_value_categorical=None,
                                fill_value_numerical=None,
                                numeric_stra...
                ('scaling', 'passthrough'), ('P_transform', 'passthrough'),
                ('binn', 'passthrough'), ('rem_outliers', 'passthrough'),
                ('cluster_all', 'passthrough'),
                ('dummy', Dummify(target='american_op')),
                ('fix_perfect', Remove_100(target='american_op')),
                ('clean_names', Clean_Colum_Names()),
                ('feature_select', 'passthrough'), ('fix_multi', 'passthrough'),
                ('dfs', 'passthrough'), ('pca', 'passthrough')],
         verbose=False)
2022-11-10 11:54:33,301:INFO:setup() succesfully completed......................................
2022-11-10 11:54:39,897:INFO:Initializing compare_models()
2022-11-10 11:54:39,897:INFO:compare_models(include=None, fold=None, round=4, cross_validation=True, sort=R2, n_select=1, budget_time=None, turbo=True, errors=ignore, fit_kwargs=None, groups=None, experiment_custom_tags=None, probability_threshold=None, verbose=True, display=None, exclude=None)
2022-11-10 11:54:39,897:INFO:Checking exceptions
2022-11-10 11:54:39,898:INFO:Preparing display monitor
2022-11-10 11:54:39,898:INFO:Preparing display monitor
2022-11-10 11:54:39,913:INFO:Initializing Linear Regression
2022-11-10 11:54:39,914:INFO:Total runtime is 1.6681353251139323e-05 minutes
2022-11-10 11:54:39,918:INFO:SubProcess create_model() called ==================================
2022-11-10 11:54:39,918:INFO:Initializing create_model()
2022-11-10 11:54:39,919:INFO:create_model(estimator=lr, fold=KFold(n_splits=10, random_state=None, shuffle=False), round=4, cross_validation=True, predict=True, fit_kwargs={}, groups=None, refit=False, verbose=False, system=False, metrics=None, experiment_custom_tags=None, add_to_model_list=True, probability_threshold=None, display=<pycaret.internal.Display.Display object at 0x000001AB8B56E220>, return_train_score=False, kwargs={})
2022-11-10 11:54:39,919:INFO:Checking exceptions
2022-11-10 11:54:39,919:INFO:Importing libraries
2022-11-10 11:54:39,919:INFO:Copying training dataset
2022-11-10 11:54:39,920:INFO:Defining folds
2022-11-10 11:54:39,920:INFO:Declaring metric variables
2022-11-10 11:54:39,924:INFO:Importing untrained model
2022-11-10 11:54:39,928:INFO:Linear Regression Imported succesfully
2022-11-10 11:54:39,937:INFO:Starting cross validation
2022-11-10 11:54:39,941:INFO:Cross validating with KFold(n_splits=10, random_state=None, shuffle=False), n_jobs=-1
2022-11-10 11:54:43,426:INFO:Calculating mean and std
2022-11-10 11:54:43,427:INFO:Creating metrics dataframe
2022-11-10 11:54:43,430:INFO:Uploading results into container
2022-11-10 11:54:43,430:INFO:Uploading model into container now
2022-11-10 11:54:43,430:INFO:create_model_container: 1
2022-11-10 11:54:43,430:INFO:master_model_container: 1
2022-11-10 11:54:43,430:INFO:display_container: 2
2022-11-10 11:54:43,430:INFO:LinearRegression(copy_X=True, fit_intercept=True, n_jobs=-1, normalize=False)
2022-11-10 11:54:43,431:INFO:create_model() succesfully completed......................................
2022-11-10 11:54:43,514:INFO:SubProcess create_model() end ==================================
2022-11-10 11:54:43,514:INFO:Creating metrics dataframe
2022-11-10 11:54:43,521:INFO:Initializing Lasso Regression
2022-11-10 11:54:43,521:INFO:Total runtime is 0.06013174454371135 minutes
2022-11-10 11:54:43,526:INFO:SubProcess create_model() called ==================================
2022-11-10 11:54:43,526:INFO:Initializing create_model()
2022-11-10 11:54:43,526:INFO:create_model(estimator=lasso, fold=KFold(n_splits=10, random_state=None, shuffle=False), round=4, cross_validation=True, predict=True, fit_kwargs={}, groups=None, refit=False, verbose=False, system=False, metrics=None, experiment_custom_tags=None, add_to_model_list=True, probability_threshold=None, display=<pycaret.internal.Display.Display object at 0x000001AB8B56E220>, return_train_score=False, kwargs={})
2022-11-10 11:54:43,526:INFO:Checking exceptions
2022-11-10 11:54:43,526:INFO:Importing libraries
2022-11-10 11:54:43,526:INFO:Copying training dataset
2022-11-10 11:54:43,527:INFO:Defining folds
2022-11-10 11:54:43,527:INFO:Declaring metric variables
2022-11-10 11:54:43,531:INFO:Importing untrained model
2022-11-10 11:54:43,536:INFO:Lasso Regression Imported succesfully
2022-11-10 11:54:43,545:INFO:Starting cross validation
2022-11-10 11:54:43,545:INFO:Cross validating with KFold(n_splits=10, random_state=None, shuffle=False), n_jobs=-1
2022-11-10 11:54:45,501:INFO:Calculating mean and std
2022-11-10 11:54:45,502:INFO:Creating metrics dataframe
2022-11-10 11:54:45,505:INFO:Uploading results into container
2022-11-10 11:54:45,505:INFO:Uploading model into container now
2022-11-10 11:54:45,505:INFO:create_model_container: 2
2022-11-10 11:54:45,505:INFO:master_model_container: 2
2022-11-10 11:54:45,505:INFO:display_container: 2
2022-11-10 11:54:45,505:INFO:Lasso(alpha=1.0, copy_X=True, fit_intercept=True, max_iter=1000,
      normalize=False, positive=False, precompute=False, random_state=111,
      selection='cyclic', tol=0.0001, warm_start=False)
2022-11-10 11:54:45,506:INFO:create_model() succesfully completed......................................
2022-11-10 11:54:45,587:INFO:SubProcess create_model() end ==================================
2022-11-10 11:54:45,587:INFO:Creating metrics dataframe
2022-11-10 11:54:45,593:INFO:Initializing Ridge Regression
2022-11-10 11:54:45,593:INFO:Total runtime is 0.094663139184316 minutes
2022-11-10 11:54:45,598:INFO:SubProcess create_model() called ==================================
2022-11-10 11:54:45,598:INFO:Initializing create_model()
2022-11-10 11:54:45,598:INFO:create_model(estimator=ridge, fold=KFold(n_splits=10, random_state=None, shuffle=False), round=4, cross_validation=True, predict=True, fit_kwargs={}, groups=None, refit=False, verbose=False, system=False, metrics=None, experiment_custom_tags=None, add_to_model_list=True, probability_threshold=None, display=<pycaret.internal.Display.Display object at 0x000001AB8B56E220>, return_train_score=False, kwargs={})
2022-11-10 11:54:45,598:INFO:Checking exceptions
2022-11-10 11:54:45,598:INFO:Importing libraries
2022-11-10 11:54:45,598:INFO:Copying training dataset
2022-11-10 11:54:45,599:INFO:Defining folds
2022-11-10 11:54:45,599:INFO:Declaring metric variables
2022-11-10 11:54:45,603:INFO:Importing untrained model
2022-11-10 11:54:45,607:INFO:Ridge Regression Imported succesfully
2022-11-10 11:54:45,616:INFO:Starting cross validation
2022-11-10 11:54:45,616:INFO:Cross validating with KFold(n_splits=10, random_state=None, shuffle=False), n_jobs=-1
2022-11-10 11:54:47,308:INFO:Calculating mean and std
2022-11-10 11:54:47,309:INFO:Creating metrics dataframe
2022-11-10 11:54:47,312:INFO:Uploading results into container
2022-11-10 11:54:47,312:INFO:Uploading model into container now
2022-11-10 11:54:47,312:INFO:create_model_container: 3
2022-11-10 11:54:47,313:INFO:master_model_container: 3
2022-11-10 11:54:47,313:INFO:display_container: 2
2022-11-10 11:54:47,313:INFO:Ridge(alpha=1.0, copy_X=True, fit_intercept=True, max_iter=None,
      normalize=False, random_state=111, solver='auto', tol=0.001)
2022-11-10 11:54:47,313:INFO:create_model() succesfully completed......................................
2022-11-10 11:54:47,396:INFO:SubProcess create_model() end ==================================
2022-11-10 11:54:47,396:INFO:Creating metrics dataframe
2022-11-10 11:54:47,403:INFO:Initializing Elastic Net
2022-11-10 11:54:47,403:INFO:Total runtime is 0.1248405933380127 minutes
2022-11-10 11:54:47,407:INFO:SubProcess create_model() called ==================================
2022-11-10 11:54:47,408:INFO:Initializing create_model()
2022-11-10 11:54:47,408:INFO:create_model(estimator=en, fold=KFold(n_splits=10, random_state=None, shuffle=False), round=4, cross_validation=True, predict=True, fit_kwargs={}, groups=None, refit=False, verbose=False, system=False, metrics=None, experiment_custom_tags=None, add_to_model_list=True, probability_threshold=None, display=<pycaret.internal.Display.Display object at 0x000001AB8B56E220>, return_train_score=False, kwargs={})
2022-11-10 11:54:47,408:INFO:Checking exceptions
2022-11-10 11:54:47,408:INFO:Importing libraries
2022-11-10 11:54:47,408:INFO:Copying training dataset
2022-11-10 11:54:47,409:INFO:Defining folds
2022-11-10 11:54:47,409:INFO:Declaring metric variables
2022-11-10 11:54:47,413:INFO:Importing untrained model
2022-11-10 11:54:47,417:INFO:Elastic Net Imported succesfully
2022-11-10 11:54:47,425:INFO:Starting cross validation
2022-11-10 11:54:47,426:INFO:Cross validating with KFold(n_splits=10, random_state=None, shuffle=False), n_jobs=-1
2022-11-10 11:54:47,575:INFO:Calculating mean and std
2022-11-10 11:54:47,576:INFO:Creating metrics dataframe
2022-11-10 11:54:47,579:INFO:Uploading results into container
2022-11-10 11:54:47,579:INFO:Uploading model into container now
2022-11-10 11:54:47,579:INFO:create_model_container: 4
2022-11-10 11:54:47,579:INFO:master_model_container: 4
2022-11-10 11:54:47,579:INFO:display_container: 2
2022-11-10 11:54:47,579:INFO:ElasticNet(alpha=1.0, copy_X=True, fit_intercept=True, l1_ratio=0.5,
           max_iter=1000, normalize=False, positive=False, precompute=False,
           random_state=111, selection='cyclic', tol=0.0001, warm_start=False)
2022-11-10 11:54:47,579:INFO:create_model() succesfully completed......................................
2022-11-10 11:54:47,663:INFO:SubProcess create_model() end ==================================
2022-11-10 11:54:47,663:INFO:Creating metrics dataframe
2022-11-10 11:54:47,670:INFO:Initializing Least Angle Regression
2022-11-10 11:54:47,670:INFO:Total runtime is 0.1292784333229065 minutes
2022-11-10 11:54:47,674:INFO:SubProcess create_model() called ==================================
2022-11-10 11:54:47,674:INFO:Initializing create_model()
2022-11-10 11:54:47,675:INFO:create_model(estimator=lar, fold=KFold(n_splits=10, random_state=None, shuffle=False), round=4, cross_validation=True, predict=True, fit_kwargs={}, groups=None, refit=False, verbose=False, system=False, metrics=None, experiment_custom_tags=None, add_to_model_list=True, probability_threshold=None, display=<pycaret.internal.Display.Display object at 0x000001AB8B56E220>, return_train_score=False, kwargs={})
2022-11-10 11:54:47,675:INFO:Checking exceptions
2022-11-10 11:54:47,675:INFO:Importing libraries
2022-11-10 11:54:47,675:INFO:Copying training dataset
2022-11-10 11:54:47,676:INFO:Defining folds
2022-11-10 11:54:47,676:INFO:Declaring metric variables
2022-11-10 11:54:47,680:INFO:Importing untrained model
2022-11-10 11:54:47,684:INFO:Least Angle Regression Imported succesfully
2022-11-10 11:54:47,692:INFO:Starting cross validation
2022-11-10 11:54:47,693:INFO:Cross validating with KFold(n_splits=10, random_state=None, shuffle=False), n_jobs=-1
2022-11-10 11:54:47,846:INFO:Calculating mean and std
2022-11-10 11:54:47,847:INFO:Creating metrics dataframe
2022-11-10 11:54:47,850:INFO:Uploading results into container
2022-11-10 11:54:47,850:INFO:Uploading model into container now
2022-11-10 11:54:47,850:INFO:create_model_container: 5
2022-11-10 11:54:47,850:INFO:master_model_container: 5
2022-11-10 11:54:47,850:INFO:display_container: 2
2022-11-10 11:54:47,851:INFO:Lars(copy_X=True, eps=2.220446049250313e-16, fit_intercept=True, fit_path=True,
     jitter=None, n_nonzero_coefs=500, normalize=True, precompute='auto',
     random_state=111, verbose=False)
2022-11-10 11:54:47,851:INFO:create_model() succesfully completed......................................
2022-11-10 11:54:47,933:INFO:SubProcess create_model() end ==================================
2022-11-10 11:54:47,933:INFO:Creating metrics dataframe
2022-11-10 11:54:47,940:INFO:Initializing Lasso Least Angle Regression
2022-11-10 11:54:47,940:INFO:Total runtime is 0.1337906360626221 minutes
2022-11-10 11:54:47,945:INFO:SubProcess create_model() called ==================================
2022-11-10 11:54:47,945:INFO:Initializing create_model()
2022-11-10 11:54:47,945:INFO:create_model(estimator=llar, fold=KFold(n_splits=10, random_state=None, shuffle=False), round=4, cross_validation=True, predict=True, fit_kwargs={}, groups=None, refit=False, verbose=False, system=False, metrics=None, experiment_custom_tags=None, add_to_model_list=True, probability_threshold=None, display=<pycaret.internal.Display.Display object at 0x000001AB8B56E220>, return_train_score=False, kwargs={})
2022-11-10 11:54:47,946:INFO:Checking exceptions
2022-11-10 11:54:47,946:INFO:Importing libraries
2022-11-10 11:54:47,946:INFO:Copying training dataset
2022-11-10 11:54:47,947:INFO:Defining folds
2022-11-10 11:54:47,947:INFO:Declaring metric variables
2022-11-10 11:54:47,951:INFO:Importing untrained model
2022-11-10 11:54:47,955:INFO:Lasso Least Angle Regression Imported succesfully
2022-11-10 11:54:47,964:INFO:Starting cross validation
2022-11-10 11:54:47,964:INFO:Cross validating with KFold(n_splits=10, random_state=None, shuffle=False), n_jobs=-1
2022-11-10 11:54:48,129:INFO:Calculating mean and std
2022-11-10 11:54:48,130:INFO:Creating metrics dataframe
2022-11-10 11:54:48,133:INFO:Uploading results into container
2022-11-10 11:54:48,133:INFO:Uploading model into container now
2022-11-10 11:54:48,133:INFO:create_model_container: 6
2022-11-10 11:54:48,133:INFO:master_model_container: 6
2022-11-10 11:54:48,133:INFO:display_container: 2
2022-11-10 11:54:48,134:INFO:LassoLars(alpha=1.0, copy_X=True, eps=2.220446049250313e-16, fit_intercept=True,
          fit_path=True, jitter=None, max_iter=500, normalize=True,
          positive=False, precompute='auto', random_state=111, verbose=False)
2022-11-10 11:54:48,134:INFO:create_model() succesfully completed......................................
2022-11-10 11:54:48,218:INFO:SubProcess create_model() end ==================================
2022-11-10 11:54:48,218:INFO:Creating metrics dataframe
2022-11-10 11:54:48,225:INFO:Initializing Orthogonal Matching Pursuit
2022-11-10 11:54:48,225:INFO:Total runtime is 0.13853496313095096 minutes
2022-11-10 11:54:48,230:INFO:SubProcess create_model() called ==================================
2022-11-10 11:54:48,230:INFO:Initializing create_model()
2022-11-10 11:54:48,230:INFO:create_model(estimator=omp, fold=KFold(n_splits=10, random_state=None, shuffle=False), round=4, cross_validation=True, predict=True, fit_kwargs={}, groups=None, refit=False, verbose=False, system=False, metrics=None, experiment_custom_tags=None, add_to_model_list=True, probability_threshold=None, display=<pycaret.internal.Display.Display object at 0x000001AB8B56E220>, return_train_score=False, kwargs={})
2022-11-10 11:54:48,230:INFO:Checking exceptions
2022-11-10 11:54:48,230:INFO:Importing libraries
2022-11-10 11:54:48,230:INFO:Copying training dataset
2022-11-10 11:54:48,231:INFO:Defining folds
2022-11-10 11:54:48,231:INFO:Declaring metric variables
2022-11-10 11:54:48,235:INFO:Importing untrained model
2022-11-10 11:54:48,240:INFO:Orthogonal Matching Pursuit Imported succesfully
2022-11-10 11:54:48,248:INFO:Starting cross validation
2022-11-10 11:54:48,248:INFO:Cross validating with KFold(n_splits=10, random_state=None, shuffle=False), n_jobs=-1
2022-11-10 11:54:48,414:INFO:Calculating mean and std
2022-11-10 11:54:48,415:INFO:Creating metrics dataframe
2022-11-10 11:54:48,418:INFO:Uploading results into container
2022-11-10 11:54:48,418:INFO:Uploading model into container now
2022-11-10 11:54:48,418:INFO:create_model_container: 7
2022-11-10 11:54:48,418:INFO:master_model_container: 7
2022-11-10 11:54:48,418:INFO:display_container: 2
2022-11-10 11:54:48,418:INFO:OrthogonalMatchingPursuit(fit_intercept=True, n_nonzero_coefs=None,
                          normalize=True, precompute='auto', tol=None)
2022-11-10 11:54:48,418:INFO:create_model() succesfully completed......................................
2022-11-10 11:54:48,500:INFO:SubProcess create_model() end ==================================
2022-11-10 11:54:48,500:INFO:Creating metrics dataframe
2022-11-10 11:54:48,508:INFO:Initializing Bayesian Ridge
2022-11-10 11:54:48,508:INFO:Total runtime is 0.1432546138763428 minutes
2022-11-10 11:54:48,513:INFO:SubProcess create_model() called ==================================
2022-11-10 11:54:48,513:INFO:Initializing create_model()
2022-11-10 11:54:48,513:INFO:create_model(estimator=br, fold=KFold(n_splits=10, random_state=None, shuffle=False), round=4, cross_validation=True, predict=True, fit_kwargs={}, groups=None, refit=False, verbose=False, system=False, metrics=None, experiment_custom_tags=None, add_to_model_list=True, probability_threshold=None, display=<pycaret.internal.Display.Display object at 0x000001AB8B56E220>, return_train_score=False, kwargs={})
2022-11-10 11:54:48,513:INFO:Checking exceptions
2022-11-10 11:54:48,513:INFO:Importing libraries
2022-11-10 11:54:48,513:INFO:Copying training dataset
2022-11-10 11:54:48,514:INFO:Defining folds
2022-11-10 11:54:48,514:INFO:Declaring metric variables
2022-11-10 11:54:48,519:INFO:Importing untrained model
2022-11-10 11:54:48,522:INFO:Bayesian Ridge Imported succesfully
2022-11-10 11:54:48,531:INFO:Starting cross validation
2022-11-10 11:54:48,531:INFO:Cross validating with KFold(n_splits=10, random_state=None, shuffle=False), n_jobs=-1
2022-11-10 11:54:48,697:INFO:Calculating mean and std
2022-11-10 11:54:48,698:INFO:Creating metrics dataframe
2022-11-10 11:54:48,700:INFO:Uploading results into container
2022-11-10 11:54:48,700:INFO:Uploading model into container now
2022-11-10 11:54:48,702:INFO:create_model_container: 8
2022-11-10 11:54:48,702:INFO:master_model_container: 8
2022-11-10 11:54:48,702:INFO:display_container: 2
2022-11-10 11:54:48,702:INFO:BayesianRidge(alpha_1=1e-06, alpha_2=1e-06, alpha_init=None,
              compute_score=False, copy_X=True, fit_intercept=True,
              lambda_1=1e-06, lambda_2=1e-06, lambda_init=None, n_iter=300,
              normalize=False, tol=0.001, verbose=False)
2022-11-10 11:54:48,702:INFO:create_model() succesfully completed......................................
2022-11-10 11:54:48,791:INFO:SubProcess create_model() end ==================================
2022-11-10 11:54:48,791:INFO:Creating metrics dataframe
2022-11-10 11:54:48,799:INFO:Initializing Passive Aggressive Regressor
2022-11-10 11:54:48,799:INFO:Total runtime is 0.14810085693995162 minutes
2022-11-10 11:54:48,804:INFO:SubProcess create_model() called ==================================
2022-11-10 11:54:48,804:INFO:Initializing create_model()
2022-11-10 11:54:48,804:INFO:create_model(estimator=par, fold=KFold(n_splits=10, random_state=None, shuffle=False), round=4, cross_validation=True, predict=True, fit_kwargs={}, groups=None, refit=False, verbose=False, system=False, metrics=None, experiment_custom_tags=None, add_to_model_list=True, probability_threshold=None, display=<pycaret.internal.Display.Display object at 0x000001AB8B56E220>, return_train_score=False, kwargs={})
2022-11-10 11:54:48,805:INFO:Checking exceptions
2022-11-10 11:54:48,805:INFO:Importing libraries
2022-11-10 11:54:48,805:INFO:Copying training dataset
2022-11-10 11:54:48,805:INFO:Defining folds
2022-11-10 11:54:48,806:INFO:Declaring metric variables
2022-11-10 11:54:48,809:INFO:Importing untrained model
2022-11-10 11:54:48,813:INFO:Passive Aggressive Regressor Imported succesfully
2022-11-10 11:54:48,822:INFO:Starting cross validation
2022-11-10 11:54:48,822:INFO:Cross validating with KFold(n_splits=10, random_state=None, shuffle=False), n_jobs=-1
2022-11-10 11:54:49,057:INFO:Calculating mean and std
2022-11-10 11:54:49,058:INFO:Creating metrics dataframe
2022-11-10 11:54:49,061:INFO:Uploading results into container
2022-11-10 11:54:49,061:INFO:Uploading model into container now
2022-11-10 11:54:49,061:INFO:create_model_container: 9
2022-11-10 11:54:49,061:INFO:master_model_container: 9
2022-11-10 11:54:49,062:INFO:display_container: 2
2022-11-10 11:54:49,062:INFO:PassiveAggressiveRegressor(C=1.0, average=False, early_stopping=False,
                           epsilon=0.1, fit_intercept=True,
                           loss='epsilon_insensitive', max_iter=1000,
                           n_iter_no_change=5, random_state=111, shuffle=True,
                           tol=0.001, validation_fraction=0.1, verbose=0,
                           warm_start=False)
2022-11-10 11:54:49,062:INFO:create_model() succesfully completed......................................
2022-11-10 11:54:49,143:INFO:SubProcess create_model() end ==================================
2022-11-10 11:54:49,144:INFO:Creating metrics dataframe
2022-11-10 11:54:49,152:INFO:Initializing Huber Regressor
2022-11-10 11:54:49,152:INFO:Total runtime is 0.15398442745208743 minutes
2022-11-10 11:54:49,156:INFO:SubProcess create_model() called ==================================
2022-11-10 11:54:49,157:INFO:Initializing create_model()
2022-11-10 11:54:49,157:INFO:create_model(estimator=huber, fold=KFold(n_splits=10, random_state=None, shuffle=False), round=4, cross_validation=True, predict=True, fit_kwargs={}, groups=None, refit=False, verbose=False, system=False, metrics=None, experiment_custom_tags=None, add_to_model_list=True, probability_threshold=None, display=<pycaret.internal.Display.Display object at 0x000001AB8B56E220>, return_train_score=False, kwargs={})
2022-11-10 11:54:49,157:INFO:Checking exceptions
2022-11-10 11:54:49,157:INFO:Importing libraries
2022-11-10 11:54:49,157:INFO:Copying training dataset
2022-11-10 11:54:49,158:INFO:Defining folds
2022-11-10 11:54:49,158:INFO:Declaring metric variables
2022-11-10 11:54:49,162:INFO:Importing untrained model
2022-11-10 11:54:49,166:INFO:Huber Regressor Imported succesfully
2022-11-10 11:54:49,175:INFO:Starting cross validation
2022-11-10 11:54:49,175:INFO:Cross validating with KFold(n_splits=10, random_state=None, shuffle=False), n_jobs=-1
2022-11-10 11:54:50,397:INFO:Calculating mean and std
2022-11-10 11:54:50,398:INFO:Creating metrics dataframe
2022-11-10 11:54:50,401:INFO:Uploading results into container
2022-11-10 11:54:50,401:INFO:Uploading model into container now
2022-11-10 11:54:50,401:INFO:create_model_container: 10
2022-11-10 11:54:50,401:INFO:master_model_container: 10
2022-11-10 11:54:50,401:INFO:display_container: 2
2022-11-10 11:54:50,401:INFO:HuberRegressor(alpha=0.0001, epsilon=1.35, fit_intercept=True, max_iter=100,
               tol=1e-05, warm_start=False)
2022-11-10 11:54:50,401:INFO:create_model() succesfully completed......................................
2022-11-10 11:54:50,483:INFO:SubProcess create_model() end ==================================
2022-11-10 11:54:50,483:INFO:Creating metrics dataframe
2022-11-10 11:54:50,492:INFO:Initializing K Neighbors Regressor
2022-11-10 11:54:50,492:INFO:Total runtime is 0.17632027467091882 minutes
2022-11-10 11:54:50,496:INFO:SubProcess create_model() called ==================================
2022-11-10 11:54:50,496:INFO:Initializing create_model()
2022-11-10 11:54:50,497:INFO:create_model(estimator=knn, fold=KFold(n_splits=10, random_state=None, shuffle=False), round=4, cross_validation=True, predict=True, fit_kwargs={}, groups=None, refit=False, verbose=False, system=False, metrics=None, experiment_custom_tags=None, add_to_model_list=True, probability_threshold=None, display=<pycaret.internal.Display.Display object at 0x000001AB8B56E220>, return_train_score=False, kwargs={})
2022-11-10 11:54:50,497:INFO:Checking exceptions
2022-11-10 11:54:50,497:INFO:Importing libraries
2022-11-10 11:54:50,497:INFO:Copying training dataset
2022-11-10 11:54:50,498:INFO:Defining folds
2022-11-10 11:54:50,498:INFO:Declaring metric variables
2022-11-10 11:54:50,501:INFO:Importing untrained model
2022-11-10 11:54:50,507:INFO:K Neighbors Regressor Imported succesfully
2022-11-10 11:54:50,515:INFO:Starting cross validation
2022-11-10 11:54:50,515:INFO:Cross validating with KFold(n_splits=10, random_state=None, shuffle=False), n_jobs=-1
2022-11-10 11:54:50,778:INFO:Calculating mean and std
2022-11-10 11:54:50,779:INFO:Creating metrics dataframe
2022-11-10 11:54:50,782:INFO:Uploading results into container
2022-11-10 11:54:50,782:INFO:Uploading model into container now
2022-11-10 11:54:50,782:INFO:create_model_container: 11
2022-11-10 11:54:50,782:INFO:master_model_container: 11
2022-11-10 11:54:50,782:INFO:display_container: 2
2022-11-10 11:54:50,783:INFO:KNeighborsRegressor(algorithm='auto', leaf_size=30, metric='minkowski',
                    metric_params=None, n_jobs=-1, n_neighbors=5, p=2,
                    weights='uniform')
2022-11-10 11:54:50,783:INFO:create_model() succesfully completed......................................
2022-11-10 11:54:50,863:INFO:SubProcess create_model() end ==================================
2022-11-10 11:54:50,863:INFO:Creating metrics dataframe
2022-11-10 11:54:50,871:INFO:Initializing Decision Tree Regressor
2022-11-10 11:54:50,872:INFO:Total runtime is 0.18263692855834965 minutes
2022-11-10 11:54:50,876:INFO:SubProcess create_model() called ==================================
2022-11-10 11:54:50,876:INFO:Initializing create_model()
2022-11-10 11:54:50,876:INFO:create_model(estimator=dt, fold=KFold(n_splits=10, random_state=None, shuffle=False), round=4, cross_validation=True, predict=True, fit_kwargs={}, groups=None, refit=False, verbose=False, system=False, metrics=None, experiment_custom_tags=None, add_to_model_list=True, probability_threshold=None, display=<pycaret.internal.Display.Display object at 0x000001AB8B56E220>, return_train_score=False, kwargs={})
2022-11-10 11:54:50,876:INFO:Checking exceptions
2022-11-10 11:54:50,877:INFO:Importing libraries
2022-11-10 11:54:50,877:INFO:Copying training dataset
2022-11-10 11:54:50,877:INFO:Defining folds
2022-11-10 11:54:50,877:INFO:Declaring metric variables
2022-11-10 11:54:50,881:INFO:Importing untrained model
2022-11-10 11:54:50,885:INFO:Decision Tree Regressor Imported succesfully
2022-11-10 11:54:50,894:INFO:Starting cross validation
2022-11-10 11:54:50,894:INFO:Cross validating with KFold(n_splits=10, random_state=None, shuffle=False), n_jobs=-1
2022-11-10 11:54:51,525:INFO:Calculating mean and std
2022-11-10 11:54:51,526:INFO:Creating metrics dataframe
2022-11-10 11:54:51,529:INFO:Uploading results into container
2022-11-10 11:54:51,529:INFO:Uploading model into container now
2022-11-10 11:54:51,529:INFO:create_model_container: 12
2022-11-10 11:54:51,529:INFO:master_model_container: 12
2022-11-10 11:54:51,529:INFO:display_container: 2
2022-11-10 11:54:51,529:INFO:DecisionTreeRegressor(ccp_alpha=0.0, criterion='mse', max_depth=None,
                      max_features=None, max_leaf_nodes=None,
                      min_impurity_decrease=0.0, min_impurity_split=None,
                      min_samples_leaf=1, min_samples_split=2,
                      min_weight_fraction_leaf=0.0, presort='deprecated',
                      random_state=111, splitter='best')
2022-11-10 11:54:51,529:INFO:create_model() succesfully completed......................................
2022-11-10 11:54:51,614:INFO:SubProcess create_model() end ==================================
2022-11-10 11:54:51,614:INFO:Creating metrics dataframe
2022-11-10 11:54:51,622:INFO:Initializing Random Forest Regressor
2022-11-10 11:54:51,622:INFO:Total runtime is 0.19515031178792322 minutes
2022-11-10 11:54:51,627:INFO:SubProcess create_model() called ==================================
2022-11-10 11:54:51,627:INFO:Initializing create_model()
2022-11-10 11:54:51,627:INFO:create_model(estimator=rf, fold=KFold(n_splits=10, random_state=None, shuffle=False), round=4, cross_validation=True, predict=True, fit_kwargs={}, groups=None, refit=False, verbose=False, system=False, metrics=None, experiment_custom_tags=None, add_to_model_list=True, probability_threshold=None, display=<pycaret.internal.Display.Display object at 0x000001AB8B56E220>, return_train_score=False, kwargs={})
2022-11-10 11:54:51,627:INFO:Checking exceptions
2022-11-10 11:54:51,627:INFO:Importing libraries
2022-11-10 11:54:51,627:INFO:Copying training dataset
2022-11-10 11:54:51,628:INFO:Defining folds
2022-11-10 11:54:51,628:INFO:Declaring metric variables
2022-11-10 11:54:51,632:INFO:Importing untrained model
2022-11-10 11:54:51,636:INFO:Random Forest Regressor Imported succesfully
2022-11-10 11:54:51,645:INFO:Starting cross validation
2022-11-10 11:54:51,645:INFO:Cross validating with KFold(n_splits=10, random_state=None, shuffle=False), n_jobs=-1
2022-11-10 11:55:09,073:INFO:Calculating mean and std
2022-11-10 11:55:09,074:INFO:Creating metrics dataframe
2022-11-10 11:55:09,077:INFO:Uploading results into container
2022-11-10 11:55:09,077:INFO:Uploading model into container now
2022-11-10 11:55:09,077:INFO:create_model_container: 13
2022-11-10 11:55:09,077:INFO:master_model_container: 13
2022-11-10 11:55:09,077:INFO:display_container: 2
2022-11-10 11:55:09,078:INFO:RandomForestRegressor(bootstrap=True, ccp_alpha=0.0, criterion='mse',
                      max_depth=None, max_features='auto', max_leaf_nodes=None,
                      max_samples=None, min_impurity_decrease=0.0,
                      min_impurity_split=None, min_samples_leaf=1,
                      min_samples_split=2, min_weight_fraction_leaf=0.0,
                      n_estimators=100, n_jobs=-1, oob_score=False,
                      random_state=111, verbose=0, warm_start=False)
2022-11-10 11:55:09,078:INFO:create_model() succesfully completed......................................
2022-11-10 11:55:09,160:INFO:SubProcess create_model() end ==================================
2022-11-10 11:55:09,161:INFO:Creating metrics dataframe
2022-11-10 11:55:09,169:INFO:Initializing Extra Trees Regressor
2022-11-10 11:55:09,170:INFO:Total runtime is 0.487623159090678 minutes
2022-11-10 11:55:09,174:INFO:SubProcess create_model() called ==================================
2022-11-10 11:55:09,175:INFO:Initializing create_model()
2022-11-10 11:55:09,175:INFO:create_model(estimator=et, fold=KFold(n_splits=10, random_state=None, shuffle=False), round=4, cross_validation=True, predict=True, fit_kwargs={}, groups=None, refit=False, verbose=False, system=False, metrics=None, experiment_custom_tags=None, add_to_model_list=True, probability_threshold=None, display=<pycaret.internal.Display.Display object at 0x000001AB8B56E220>, return_train_score=False, kwargs={})
2022-11-10 11:55:09,175:INFO:Checking exceptions
2022-11-10 11:55:09,175:INFO:Importing libraries
2022-11-10 11:55:09,175:INFO:Copying training dataset
2022-11-10 11:55:09,176:INFO:Defining folds
2022-11-10 11:55:09,176:INFO:Declaring metric variables
2022-11-10 11:55:09,180:INFO:Importing untrained model
2022-11-10 11:55:09,184:INFO:Extra Trees Regressor Imported succesfully
2022-11-10 11:55:09,192:INFO:Starting cross validation
2022-11-10 11:55:09,192:INFO:Cross validating with KFold(n_splits=10, random_state=None, shuffle=False), n_jobs=-1
2022-11-10 11:55:16,527:INFO:Calculating mean and std
2022-11-10 11:55:16,528:INFO:Creating metrics dataframe
2022-11-10 11:55:16,531:INFO:Uploading results into container
2022-11-10 11:55:16,531:INFO:Uploading model into container now
2022-11-10 11:55:16,531:INFO:create_model_container: 14
2022-11-10 11:55:16,531:INFO:master_model_container: 14
2022-11-10 11:55:16,531:INFO:display_container: 2
2022-11-10 11:55:16,531:INFO:ExtraTreesRegressor(bootstrap=False, ccp_alpha=0.0, criterion='mse',
                    max_depth=None, max_features='auto', max_leaf_nodes=None,
                    max_samples=None, min_impurity_decrease=0.0,
                    min_impurity_split=None, min_samples_leaf=1,
                    min_samples_split=2, min_weight_fraction_leaf=0.0,
                    n_estimators=100, n_jobs=-1, oob_score=False,
                    random_state=111, verbose=0, warm_start=False)
2022-11-10 11:55:16,532:INFO:create_model() succesfully completed......................................
2022-11-10 11:55:16,619:INFO:SubProcess create_model() end ==================================
2022-11-10 11:55:16,619:INFO:Creating metrics dataframe
2022-11-10 11:55:16,628:INFO:Initializing AdaBoost Regressor
2022-11-10 11:55:16,628:INFO:Total runtime is 0.611920448144277 minutes
2022-11-10 11:55:16,633:INFO:SubProcess create_model() called ==================================
2022-11-10 11:55:16,633:INFO:Initializing create_model()
2022-11-10 11:55:16,633:INFO:create_model(estimator=ada, fold=KFold(n_splits=10, random_state=None, shuffle=False), round=4, cross_validation=True, predict=True, fit_kwargs={}, groups=None, refit=False, verbose=False, system=False, metrics=None, experiment_custom_tags=None, add_to_model_list=True, probability_threshold=None, display=<pycaret.internal.Display.Display object at 0x000001AB8B56E220>, return_train_score=False, kwargs={})
2022-11-10 11:55:16,633:INFO:Checking exceptions
2022-11-10 11:55:16,633:INFO:Importing libraries
2022-11-10 11:55:16,633:INFO:Copying training dataset
2022-11-10 11:55:16,634:INFO:Defining folds
2022-11-10 11:55:16,634:INFO:Declaring metric variables
2022-11-10 11:55:16,638:INFO:Importing untrained model
2022-11-10 11:55:16,642:INFO:AdaBoost Regressor Imported succesfully
2022-11-10 11:55:16,651:INFO:Starting cross validation
2022-11-10 11:55:16,651:INFO:Cross validating with KFold(n_splits=10, random_state=None, shuffle=False), n_jobs=-1
2022-11-10 11:55:21,279:INFO:Calculating mean and std
2022-11-10 11:55:21,280:INFO:Creating metrics dataframe
2022-11-10 11:55:21,283:INFO:Uploading results into container
2022-11-10 11:55:21,283:INFO:Uploading model into container now
2022-11-10 11:55:21,283:INFO:create_model_container: 15
2022-11-10 11:55:21,283:INFO:master_model_container: 15
2022-11-10 11:55:21,283:INFO:display_container: 2
2022-11-10 11:55:21,283:INFO:AdaBoostRegressor(base_estimator=None, learning_rate=1.0, loss='linear',
                  n_estimators=50, random_state=111)
2022-11-10 11:55:21,283:INFO:create_model() succesfully completed......................................
2022-11-10 11:55:21,373:INFO:SubProcess create_model() end ==================================
2022-11-10 11:55:21,373:INFO:Creating metrics dataframe
2022-11-10 11:55:21,383:INFO:Initializing Gradient Boosting Regressor
2022-11-10 11:55:21,383:INFO:Total runtime is 0.691165880362193 minutes
2022-11-10 11:55:21,387:INFO:SubProcess create_model() called ==================================
2022-11-10 11:55:21,388:INFO:Initializing create_model()
2022-11-10 11:55:21,388:INFO:create_model(estimator=gbr, fold=KFold(n_splits=10, random_state=None, shuffle=False), round=4, cross_validation=True, predict=True, fit_kwargs={}, groups=None, refit=False, verbose=False, system=False, metrics=None, experiment_custom_tags=None, add_to_model_list=True, probability_threshold=None, display=<pycaret.internal.Display.Display object at 0x000001AB8B56E220>, return_train_score=False, kwargs={})
2022-11-10 11:55:21,388:INFO:Checking exceptions
2022-11-10 11:55:21,388:INFO:Importing libraries
2022-11-10 11:55:21,388:INFO:Copying training dataset
2022-11-10 11:55:21,389:INFO:Defining folds
2022-11-10 11:55:21,389:INFO:Declaring metric variables
2022-11-10 11:55:21,393:INFO:Importing untrained model
2022-11-10 11:55:21,397:INFO:Gradient Boosting Regressor Imported succesfully
2022-11-10 11:55:21,406:INFO:Starting cross validation
2022-11-10 11:55:21,407:INFO:Cross validating with KFold(n_splits=10, random_state=None, shuffle=False), n_jobs=-1
2022-11-10 11:55:32,719:INFO:Calculating mean and std
2022-11-10 11:55:32,720:INFO:Creating metrics dataframe
2022-11-10 11:55:32,723:INFO:Uploading results into container
2022-11-10 11:55:32,723:INFO:Uploading model into container now
2022-11-10 11:55:32,723:INFO:create_model_container: 16
2022-11-10 11:55:32,723:INFO:master_model_container: 16
2022-11-10 11:55:32,723:INFO:display_container: 2
2022-11-10 11:55:32,724:INFO:GradientBoostingRegressor(alpha=0.9, ccp_alpha=0.0, criterion='friedman_mse',
                          init=None, learning_rate=0.1, loss='ls', max_depth=3,
                          max_features=None, max_leaf_nodes=None,
                          min_impurity_decrease=0.0, min_impurity_split=None,
                          min_samples_leaf=1, min_samples_split=2,
                          min_weight_fraction_leaf=0.0, n_estimators=100,
                          n_iter_no_change=None, presort='deprecated',
                          random_state=111, subsample=1.0, tol=0.0001,
                          validation_fraction=0.1, verbose=0, warm_start=False)
2022-11-10 11:55:32,724:INFO:create_model() succesfully completed......................................
2022-11-10 11:55:32,811:INFO:SubProcess create_model() end ==================================
2022-11-10 11:55:32,811:INFO:Creating metrics dataframe
2022-11-10 11:55:32,820:INFO:Initializing Extreme Gradient Boosting
2022-11-10 11:55:32,820:INFO:Total runtime is 0.8817923227945965 minutes
2022-11-10 11:55:32,824:INFO:SubProcess create_model() called ==================================
2022-11-10 11:55:32,825:INFO:Initializing create_model()
2022-11-10 11:55:32,825:INFO:create_model(estimator=xgboost, fold=KFold(n_splits=10, random_state=None, shuffle=False), round=4, cross_validation=True, predict=True, fit_kwargs={}, groups=None, refit=False, verbose=False, system=False, metrics=None, experiment_custom_tags=None, add_to_model_list=True, probability_threshold=None, display=<pycaret.internal.Display.Display object at 0x000001AB8B56E220>, return_train_score=False, kwargs={})
2022-11-10 11:55:32,825:INFO:Checking exceptions
2022-11-10 11:55:32,825:INFO:Importing libraries
2022-11-10 11:55:32,825:INFO:Copying training dataset
2022-11-10 11:55:32,826:INFO:Defining folds
2022-11-10 11:55:32,826:INFO:Declaring metric variables
2022-11-10 11:55:32,830:INFO:Importing untrained model
2022-11-10 11:55:32,835:INFO:Extreme Gradient Boosting Imported succesfully
2022-11-10 11:55:32,843:INFO:Starting cross validation
2022-11-10 11:55:32,844:INFO:Cross validating with KFold(n_splits=10, random_state=None, shuffle=False), n_jobs=-1
2022-11-10 11:55:39,981:INFO:Calculating mean and std
2022-11-10 11:55:39,982:INFO:Creating metrics dataframe
2022-11-10 11:55:39,985:INFO:Uploading results into container
2022-11-10 11:55:39,985:INFO:Uploading model into container now
2022-11-10 11:55:39,985:INFO:create_model_container: 17
2022-11-10 11:55:39,985:INFO:master_model_container: 17
2022-11-10 11:55:39,985:INFO:display_container: 2
2022-11-10 11:55:39,986:INFO:XGBRegressor(base_score=None, booster='gbtree', callbacks=None,
             colsample_bylevel=None, colsample_bynode=None,
             colsample_bytree=None, early_stopping_rounds=None,
             enable_categorical=False, eval_metric=None, feature_types=None,
             gamma=None, gpu_id=None, grow_policy=None, importance_type=None,
             interaction_constraints=None, learning_rate=None, max_bin=None,
             max_cat_threshold=None, max_cat_to_onehot=None,
             max_delta_step=None, max_depth=None, max_leaves=None,
             min_child_weight=None, missing=nan, monotone_constraints=None,
             n_estimators=100, n_jobs=-1, num_parallel_tree=None,
             objective='reg:squarederror', predictor=None, ...)
2022-11-10 11:55:39,986:INFO:create_model() succesfully completed......................................
2022-11-10 11:55:40,070:INFO:SubProcess create_model() end ==================================
2022-11-10 11:55:40,070:INFO:Creating metrics dataframe
2022-11-10 11:55:40,079:INFO:Initializing Light Gradient Boosting Machine
2022-11-10 11:55:40,079:INFO:Total runtime is 1.0027722160021466 minutes
2022-11-10 11:55:40,084:INFO:SubProcess create_model() called ==================================
2022-11-10 11:55:40,084:INFO:Initializing create_model()
2022-11-10 11:55:40,084:INFO:create_model(estimator=lightgbm, fold=KFold(n_splits=10, random_state=None, shuffle=False), round=4, cross_validation=True, predict=True, fit_kwargs={}, groups=None, refit=False, verbose=False, system=False, metrics=None, experiment_custom_tags=None, add_to_model_list=True, probability_threshold=None, display=<pycaret.internal.Display.Display object at 0x000001AB8B56E220>, return_train_score=False, kwargs={})
2022-11-10 11:55:40,084:INFO:Checking exceptions
2022-11-10 11:55:40,084:INFO:Importing libraries
2022-11-10 11:55:40,084:INFO:Copying training dataset
2022-11-10 11:55:40,085:INFO:Defining folds
2022-11-10 11:55:40,085:INFO:Declaring metric variables
2022-11-10 11:55:40,089:INFO:Importing untrained model
2022-11-10 11:55:40,093:INFO:Light Gradient Boosting Machine Imported succesfully
2022-11-10 11:55:40,102:INFO:Starting cross validation
2022-11-10 11:55:40,103:INFO:Cross validating with KFold(n_splits=10, random_state=None, shuffle=False), n_jobs=-1
2022-11-10 11:55:40,629:INFO:Calculating mean and std
2022-11-10 11:55:40,630:INFO:Creating metrics dataframe
2022-11-10 11:55:40,633:INFO:Uploading results into container
2022-11-10 11:55:40,633:INFO:Uploading model into container now
2022-11-10 11:55:40,633:INFO:create_model_container: 18
2022-11-10 11:55:40,633:INFO:master_model_container: 18
2022-11-10 11:55:40,633:INFO:display_container: 2
2022-11-10 11:55:40,634:INFO:LGBMRegressor(boosting_type='gbdt', class_weight=None, colsample_bytree=1.0,
              importance_type='split', learning_rate=0.1, max_depth=-1,
              min_child_samples=20, min_child_weight=0.001, min_split_gain=0.0,
              n_estimators=100, n_jobs=-1, num_leaves=31, objective=None,
              random_state=111, reg_alpha=0.0, reg_lambda=0.0, silent='warn',
              subsample=1.0, subsample_for_bin=200000, subsample_freq=0)
2022-11-10 11:55:40,634:INFO:create_model() succesfully completed......................................
2022-11-10 11:55:40,717:INFO:SubProcess create_model() end ==================================
2022-11-10 11:55:40,717:INFO:Creating metrics dataframe
2022-11-10 11:55:40,726:INFO:Initializing CatBoost Regressor
2022-11-10 11:55:40,726:INFO:Total runtime is 1.013545099894206 minutes
2022-11-10 11:55:40,732:INFO:SubProcess create_model() called ==================================
2022-11-10 11:55:40,732:INFO:Initializing create_model()
2022-11-10 11:55:40,732:INFO:create_model(estimator=catboost, fold=KFold(n_splits=10, random_state=None, shuffle=False), round=4, cross_validation=True, predict=True, fit_kwargs={}, groups=None, refit=False, verbose=False, system=False, metrics=None, experiment_custom_tags=None, add_to_model_list=True, probability_threshold=None, display=<pycaret.internal.Display.Display object at 0x000001AB8B56E220>, return_train_score=False, kwargs={})
2022-11-10 11:55:40,732:INFO:Checking exceptions
2022-11-10 11:55:40,732:INFO:Importing libraries
2022-11-10 11:55:40,732:INFO:Copying training dataset
2022-11-10 11:55:40,733:INFO:Defining folds
2022-11-10 11:55:40,733:INFO:Declaring metric variables
2022-11-10 11:55:40,737:INFO:Importing untrained model
2022-11-10 11:55:40,741:INFO:CatBoost Regressor Imported succesfully
2022-11-10 11:55:40,749:INFO:Starting cross validation
2022-11-10 11:55:40,749:INFO:Cross validating with KFold(n_splits=10, random_state=None, shuffle=False), n_jobs=-1
2022-11-10 11:55:52,704:INFO:Calculating mean and std
2022-11-10 11:55:52,705:INFO:Creating metrics dataframe
2022-11-10 11:55:52,708:INFO:Uploading results into container
2022-11-10 11:55:52,708:INFO:Uploading model into container now
2022-11-10 11:55:52,708:INFO:create_model_container: 19
2022-11-10 11:55:52,708:INFO:master_model_container: 19
2022-11-10 11:55:52,708:INFO:display_container: 2
2022-11-10 11:55:52,709:INFO:<catboost.core.CatBoostRegressor object at 0x000001ABF21E19D0>
2022-11-10 11:55:52,709:INFO:create_model() succesfully completed......................................
2022-11-10 11:55:52,793:INFO:SubProcess create_model() end ==================================
2022-11-10 11:55:52,794:INFO:Creating metrics dataframe
2022-11-10 11:55:52,804:INFO:Initializing Dummy Regressor
2022-11-10 11:55:52,804:INFO:Total runtime is 1.2148544987042746 minutes
2022-11-10 11:55:52,809:INFO:SubProcess create_model() called ==================================
2022-11-10 11:55:52,809:INFO:Initializing create_model()
2022-11-10 11:55:52,809:INFO:create_model(estimator=dummy, fold=KFold(n_splits=10, random_state=None, shuffle=False), round=4, cross_validation=True, predict=True, fit_kwargs={}, groups=None, refit=False, verbose=False, system=False, metrics=None, experiment_custom_tags=None, add_to_model_list=True, probability_threshold=None, display=<pycaret.internal.Display.Display object at 0x000001AB8B56E220>, return_train_score=False, kwargs={})
2022-11-10 11:55:52,809:INFO:Checking exceptions
2022-11-10 11:55:52,809:INFO:Importing libraries
2022-11-10 11:55:52,809:INFO:Copying training dataset
2022-11-10 11:55:52,810:INFO:Defining folds
2022-11-10 11:55:52,810:INFO:Declaring metric variables
2022-11-10 11:55:52,814:INFO:Importing untrained model
2022-11-10 11:55:52,818:INFO:Dummy Regressor Imported succesfully
2022-11-10 11:55:52,826:INFO:Starting cross validation
2022-11-10 11:55:52,827:INFO:Cross validating with KFold(n_splits=10, random_state=None, shuffle=False), n_jobs=-1
2022-11-10 11:55:52,988:INFO:Calculating mean and std
2022-11-10 11:55:52,989:INFO:Creating metrics dataframe
2022-11-10 11:55:52,991:INFO:Uploading results into container
2022-11-10 11:55:52,992:INFO:Uploading model into container now
2022-11-10 11:55:52,992:INFO:create_model_container: 20
2022-11-10 11:55:52,992:INFO:master_model_container: 20
2022-11-10 11:55:52,992:INFO:display_container: 2
2022-11-10 11:55:52,992:INFO:DummyRegressor(constant=None, quantile=None, strategy='mean')
2022-11-10 11:55:52,992:INFO:create_model() succesfully completed......................................
2022-11-10 11:55:53,078:INFO:SubProcess create_model() end ==================================
2022-11-10 11:55:53,078:INFO:Creating metrics dataframe
2022-11-10 11:55:53,097:INFO:Initializing create_model()
2022-11-10 11:55:53,097:INFO:create_model(estimator=ExtraTreesRegressor(bootstrap=False, ccp_alpha=0.0, criterion='mse',
                    max_depth=None, max_features='auto', max_leaf_nodes=None,
                    max_samples=None, min_impurity_decrease=0.0,
                    min_impurity_split=None, min_samples_leaf=1,
                    min_samples_split=2, min_weight_fraction_leaf=0.0,
                    n_estimators=100, n_jobs=-1, oob_score=False,
                    random_state=111, verbose=0, warm_start=False), fold=KFold(n_splits=10, random_state=None, shuffle=False), round=4, cross_validation=False, predict=False, fit_kwargs={}, groups=None, refit=True, verbose=False, system=False, metrics=None, experiment_custom_tags=None, add_to_model_list=True, probability_threshold=None, display=None, return_train_score=False, kwargs={})
2022-11-10 11:55:53,098:INFO:Checking exceptions
2022-11-10 11:55:53,098:INFO:Importing libraries
2022-11-10 11:55:53,098:INFO:Copying training dataset
2022-11-10 11:55:53,098:INFO:Defining folds
2022-11-10 11:55:53,098:INFO:Declaring metric variables
2022-11-10 11:55:53,098:INFO:Importing untrained model
2022-11-10 11:55:53,099:INFO:Declaring custom model
2022-11-10 11:55:53,099:INFO:Extra Trees Regressor Imported succesfully
2022-11-10 11:55:53,099:INFO:Cross validation set to False
2022-11-10 11:55:53,099:INFO:Fitting Model
2022-11-10 11:55:54,247:INFO:ExtraTreesRegressor(bootstrap=False, ccp_alpha=0.0, criterion='mse',
                    max_depth=None, max_features='auto', max_leaf_nodes=None,
                    max_samples=None, min_impurity_decrease=0.0,
                    min_impurity_split=None, min_samples_leaf=1,
                    min_samples_split=2, min_weight_fraction_leaf=0.0,
                    n_estimators=100, n_jobs=-1, oob_score=False,
                    random_state=111, verbose=0, warm_start=False)
2022-11-10 11:55:54,247:INFO:create_models() succesfully completed......................................
2022-11-10 11:55:54,358:INFO:create_model_container: 20
2022-11-10 11:55:54,358:INFO:master_model_container: 20
2022-11-10 11:55:54,358:INFO:display_container: 2
2022-11-10 11:55:54,359:INFO:ExtraTreesRegressor(bootstrap=False, ccp_alpha=0.0, criterion='mse',
                    max_depth=None, max_features='auto', max_leaf_nodes=None,
                    max_samples=None, min_impurity_decrease=0.0,
                    min_impurity_split=None, min_samples_leaf=1,
                    min_samples_split=2, min_weight_fraction_leaf=0.0,
                    n_estimators=100, n_jobs=-1, oob_score=False,
                    random_state=111, verbose=0, warm_start=False)
2022-11-10 11:55:54,359:INFO:compare_models() succesfully completed......................................
2022-11-10 11:56:32,438:INFO:Initializing tune_model()
2022-11-10 11:56:32,438:INFO:tune_model(estimator=ExtraTreesRegressor(bootstrap=False, ccp_alpha=0.0, criterion='mse',
                    max_depth=None, max_features='auto', max_leaf_nodes=None,
                    max_samples=None, min_impurity_decrease=0.0,
                    min_impurity_split=None, min_samples_leaf=1,
                    min_samples_split=2, min_weight_fraction_leaf=0.0,
                    n_estimators=100, n_jobs=-1, oob_score=False,
                    random_state=111, verbose=0, warm_start=False), fold=None, round=4, n_iter=10, custom_grid=None, optimize=R2, custom_scorer=None, search_library=scikit-learn, search_algorithm=None, early_stopping=False, early_stopping_max_iters=10, choose_better=False, fit_kwargs=None, groups=None, return_tuner=False, verbose=True, tuner_verbose=True, display=None, return_train_score=False, kwargs={})
2022-11-10 11:56:32,438:INFO:Checking exceptions
2022-11-10 11:56:32,438:INFO:Preparing display monitor
2022-11-10 11:56:32,448:INFO:Copying training dataset
2022-11-10 11:56:32,449:INFO:Checking base model
2022-11-10 11:56:32,449:INFO:Base model : Extra Trees Regressor
2022-11-10 11:56:32,454:INFO:Declaring metric variables
2022-11-10 11:56:32,457:INFO:Defining Hyperparameters
2022-11-10 11:56:32,543:INFO:Tuning with n_jobs=-1
2022-11-10 11:56:32,543:INFO:Initializing RandomizedSearchCV
